<?xml version="1.0" encoding="UTF-8"?>
<!-- Generated by org.testng.reporters.JUnitXMLReporter -->
<testsuite hostname="DESKTOP-DCIME6C" ignored="0" name="CucumberLogintest" tests="2" failures="0" timestamp="2020-08-06T17:32:50 EDT" time="39.397" errors="0">
  <testcase name="runScenario" time="19.808" classname="io.cucumber.testng.AbstractTestNGCucumberTests"/>
  <testcase name="runScenario" time="19.195" classname="io.cucumber.testng.AbstractTestNGCucumberTests"/>
</testsuite> <!-- CucumberLogintest -->
