<?xml version="1.0" encoding="UTF-8"?>
<testng-results skipped="0" failed="0" ignored="0" total="2" passed="2">
  <reporter-output>
  </reporter-output>
  <suite name="CucumberProject" duration-ms="39397" started-at="2020-08-06T17:32:10 EDT" finished-at="2020-08-06T17:32:50 EDT">
    <groups>
      <group name="cucumber">
        <method signature="AbstractTestNGCucumberTests.runScenario(io.cucumber.testng.PickleEventWrapper, io.cucumber.testng.CucumberFeatureWrapper)[pri:0, instance:runner.Loginsuite_02_WithExamples@56aac163]" name="runScenario" class="io.cucumber.testng.AbstractTestNGCucumberTests"/>
      </group> <!-- cucumber -->
    </groups>
    <test name="CucumberLogintest" duration-ms="39397" started-at="2020-08-06T17:32:10 EDT" finished-at="2020-08-06T17:32:50 EDT">
      <class name="runner.Loginsuite_02_WithExamples">
        <test-method status="PASS" signature="setUpClass()[pri:0, instance:runner.Loginsuite_02_WithExamples@56aac163]" name="setUpClass" is-config="true" duration-ms="241" started-at="2020-08-06T17:32:10 EDT" finished-at="2020-08-06T17:32:10 EDT">
          <reporter-output>
          </reporter-output>
        </test-method> <!-- setUpClass -->
        <test-method status="PASS" signature="runScenario(io.cucumber.testng.PickleEventWrapper, io.cucumber.testng.CucumberFeatureWrapper)[pri:0, instance:runner.Loginsuite_02_WithExamples@56aac163]" name="runScenario" duration-ms="19808" started-at="2020-08-06T17:32:10 EDT" description="Runs Cucumber Scenarios" data-provider="scenarios" finished-at="2020-08-06T17:32:30 EDT">
          <params>
            <param index="0">
              <value>
                <![CDATA["Login to application with different credentials"]]>
              </value>
            </param>
            <param index="1">
              <value>
                <![CDATA["CRM Application with Examples"]]>
              </value>
            </param>
          </params>
          <reporter-output>
          </reporter-output>
        </test-method> <!-- runScenario -->
        <test-method status="PASS" signature="runScenario(io.cucumber.testng.PickleEventWrapper, io.cucumber.testng.CucumberFeatureWrapper)[pri:0, instance:runner.Loginsuite_02_WithExamples@56aac163]" name="runScenario" duration-ms="19195" started-at="2020-08-06T17:32:30 EDT" description="Runs Cucumber Scenarios" data-provider="scenarios" finished-at="2020-08-06T17:32:49 EDT">
          <params>
            <param index="0">
              <value>
                <![CDATA["Login to application with different credentials"]]>
              </value>
            </param>
            <param index="1">
              <value>
                <![CDATA["CRM Application with Examples"]]>
              </value>
            </param>
          </params>
          <reporter-output>
          </reporter-output>
        </test-method> <!-- runScenario -->
        <test-method status="PASS" signature="tearDownClass()[pri:0, instance:runner.Loginsuite_02_WithExamples@56aac163]" name="tearDownClass" is-config="true" duration-ms="62" started-at="2020-08-06T17:32:49 EDT" finished-at="2020-08-06T17:32:50 EDT">
          <reporter-output>
          </reporter-output>
        </test-method> <!-- tearDownClass -->
      </class> <!-- runner.Loginsuite_02_WithExamples -->
    </test> <!-- CucumberLogintest -->
  </suite> <!-- CucumberProject -->
</testng-results>
